_:Nef9b6b2fc4764caaad1bc35c252c153f <https://w3id.org/own-pt/wn30/schema/lexicalForm> "Habita\u00E7\u00F5es"@pt .
_:N7e391700e7754066b1b6844ade9b4c4f <https://w3id.org/own-pt/wn30/schema/word> <https://w3id.org/own-pt/wn30-pt/instances/word-parar> .
_:N0799f4cedab0481ea209915e98ad5cfe <https://w3id.org/own-pt/wn30/schema/lexicalForm> "edif\u00EDcios"@pt .
_:N70c73bf639d94ba9b547141cc43a7fa2 <https://w3id.org/own-pt/wn30/schema/word> <https://w3id.org/own-pt/wn30-pt/instances/word-repetir> .
_:N8b7ecdb7f3e149b0a4bf1d022f7ae825 <http://www.w3.org/1999/02/22-rdf-syntax-ns#type> <https://w3id.org/own-pt/wn30/schema/Word> .
_:N4843494cfa8a428aaa812967e2a45bd2 <https://w3id.org/own-pt/wn30/schema/word> <https://w3id.org/own-pt/wn30-pt/instances/word-gradua\u00E7\u00E3o> .
_:N746a4ea287ce4246a6360658083e5a09 <https://w3id.org/own-pt/wn30/schema/word> <https://w3id.org/own-pt/wn30-pt/instances/word-abduzir> .
_:N132edd16ccfa4e04bf079cbbcd063f56 <https://w3id.org/own-pt/wn30/schema/word> <https://w3id.org/own-pt/wn30-pt/instances/word-abduzir> .
_:N4c5d7ee3a5a04b0d8a39b4424d0c0458 <https://w3id.org/own-pt/wn30/schema/word> <https://w3id.org/own-pt/wn30-pt/instances/word-desistir> .
_:N547fac43f4c141409d893d430d3f7199 <https://w3id.org/own-pt/wn30/schema/word> <https://w3id.org/own-pt/wn30-pt/instances/word-virar> .
_:N192aaed2b70d447c8ea239ddb352a17f <https://w3id.org/own-pt/wn30/schema/word> <https://w3id.org/own-pt/wn30-pt/instances/word-deixar> .
_:N1b595aab0ad6444aa381825d57f0f5d6 <https://w3id.org/own-pt/wn30/schema/word> <https://w3id.org/own-pt/wn30-pt/instances/word-abater> .
_:N7989a37438d648238e78e75784bcd4bd <https://w3id.org/own-pt/wn30/schema/word> <https://w3id.org/own-pt/wn30-pt/instances/word-evadir> .
_:Nef9b6b2fc4764caaad1bc35c252c153f <http://www.w3.org/1999/02/22-rdf-syntax-ns#type> <https://w3id.org/own-pt/wn30/schema/Word> .
_:Nf5581cb2682849578eda82fa4d6534a8 <https://w3id.org/own-pt/wn30/schema/word> <https://w3id.org/own-pt/wn30-pt/instances/word-deixar> .
_:N325b3d3492cd42df983878008a0cdd0f <https://w3id.org/own-pt/wn30/schema/word> <https://w3id.org/own-pt/wn30-pt/instances/word-manejar> .
_:N8b7ecdb7f3e149b0a4bf1d022f7ae825 <https://w3id.org/own-pt/wn30/schema/lexicalForm> "Lar"@pt .
_:N5abb0f030ff54896ade9f930d1c0ba8c <https://w3id.org/own-pt/wn30/schema/word> <https://w3id.org/own-pt/wn30-pt/instances/word-espessar> .
_:N9fae4b329b5e4f75a915387d644cabe7 <http://www.w3.org/1999/02/22-rdf-syntax-ns#type> <https://w3id.org/own-pt/wn30/schema/Word> .
_:N869c140135704d48b38cf41fb282c741 <https://w3id.org/own-pt/wn30/schema/word> <https://w3id.org/own-pt/wn30-pt/instances/word-queixar> .
_:Nee08b49511da4cf789ad34822f56986f <https://w3id.org/own-pt/wn30/schema/word> <https://w3id.org/own-pt/wn30-pt/instances/word-iniciar> .
_:Nc95b5dc7c51e45d6b1d7fc275354249b <https://w3id.org/own-pt/wn30/schema/word> <https://w3id.org/own-pt/wn30-pt/instances/word-retrair> .
_:N50871dd2708b4bb5aaa012cd10ccc11d <https://w3id.org/own-pt/wn30/schema/word> <https://w3id.org/own-pt/wn30-pt/instances/word-machucar> .
_:Nc06e0e031f7d4b3f973ed53a9e6fddbd <http://www.w3.org/1999/02/22-rdf-syntax-ns#type> <https://w3id.org/own-pt/wn30/schema/Word> .
_:N80dcc45e72b24a90bdc89df3a4710e6d <https://w3id.org/own-pt/wn30/schema/word> <https://w3id.org/own-pt/wn30-pt/instances/word-passar> .
_:Nc0482da1d65b417f9b8735e0ad5ea145 <https://w3id.org/own-pt/wn30/schema/word> <https://w3id.org/own-pt/wn30-pt/instances/word-apelar> .
_:N7a4774d2ee8a461782136ec31bb80346 <http://www.w3.org/1999/02/22-rdf-syntax-ns#type> <https://w3id.org/own-pt/wn30/schema/Word> .
_:N9fae4b329b5e4f75a915387d644cabe7 <https://w3id.org/own-pt/wn30/schema/lexicalForm> "firma"@pt .
_:Nc06e0e031f7d4b3f973ed53a9e6fddbd <https://w3id.org/own-pt/wn30/schema/lexicalForm> "aposentos"@pt .
_:N749fb2873fad4f5aa1a8e63a5f8c8648 <https://w3id.org/own-pt/wn30/schema/word> <https://w3id.org/own-pt/wn30-pt/instances/word-violar> .
_:N05aa0b6b69ca4470bc8820412068d398 <https://w3id.org/own-pt/wn30/schema/word> <https://w3id.org/own-pt/wn30-pt/instances/word-desistir> .
_:Nd01fbd82600e447bbe3432aab52520d9 <https://w3id.org/own-pt/wn30/schema/word> <https://w3id.org/own-pt/wn30-pt/instances/word-conjectura> .
_:N29686bb2f73044df90482906b3e455e9 <https://w3id.org/own-pt/wn30/schema/word> <https://w3id.org/own-pt/wn30-pt/instances/word-desertar> .
_:Nff6b05d1d70244b4a8d986bf09ca2468 <https://w3id.org/own-pt/wn30/schema/word> <https://w3id.org/own-pt/wn30-pt/instances/word-deixar> .
_:Nb80be3764e5b44a58738c0f22dfd3166 <https://w3id.org/own-pt/wn30/schema/word> <https://w3id.org/own-pt/wn30-pt/instances/word-predizer> .
_:N8119dadb554341a39080b839fc053e20 <https://w3id.org/own-pt/wn30/schema/word> <https://w3id.org/own-pt/wn30-pt/instances/word-deixar> .
_:N3dc1cc578c814b8f991c1a40e5431397 <https://w3id.org/own-pt/wn30/schema/word> <https://w3id.org/own-pt/wn30-pt/instances/word-cacarejo> .
_:Nb3b19c522d374eb0a5c9d6db3b75b229 <https://w3id.org/own-pt/wn30/schema/word> <https://w3id.org/own-pt/wn30-pt/instances/word-citar> .
_:N737d2debe83b47bdb0fd8180b61ffe78 <https://w3id.org/own-pt/wn30/schema/word> <https://w3id.org/own-pt/wn30-pt/instances/word-testar> .
_:Ncd95a19c697c4395b6ba25b5110d4f1d <https://w3id.org/own-pt/wn30/schema/word> <https://w3id.org/own-pt/wn30-pt/instances/word-formatura> .
_:N0c25648925654ad38ea94aa90f67c5c4 <https://w3id.org/own-pt/wn30/schema/word> <https://w3id.org/own-pt/wn30-pt/instances/word-curvar> .
_:Nf8bb687ce661491e87d9040bccfdd184 <https://w3id.org/own-pt/wn30/schema/lexicalForm> "pessoa da fam\u00EDlia que mora na mesma casa"@pt .
_:N7c9210f5612346b0815de25d334c9078 <https://w3id.org/own-pt/wn30/schema/word> <https://w3id.org/own-pt/wn30-pt/instances/word-torcer> .
_:N361dfa1126f24fa3a2f5960ea78390f1 <https://w3id.org/own-pt/wn30/schema/word> <https://w3id.org/own-pt/wn30-pt/instances/word-retrair> .
_:N502d0f5a200841d4b3e8ba1d9b3799b7 <https://w3id.org/own-pt/wn30/schema/word> <https://w3id.org/own-pt/wn30-pt/instances/word-desistir> .
_:N558f34a9fc1f40e98362c87fad648f00 <https://w3id.org/own-pt/wn30/schema/word> <https://w3id.org/own-pt/wn30-pt/instances/word-aplaudir> .
_:N9c9bf27fd44543df88a4f97cad466ee9 <https://w3id.org/own-pt/wn30/schema/word> <https://w3id.org/own-pt/wn30-pt/instances/word-renunciar> .
_:N81003dad3f524359a9dc1eaef82a61f9 <https://w3id.org/own-pt/wn30/schema/word> <https://w3id.org/own-pt/wn30-pt/instances/word-dobrar> .
_:N7a4774d2ee8a461782136ec31bb80346 <https://w3id.org/own-pt/wn30/schema/lexicalForm> "edif\u00EDcios residenciais"@pt .
_:Nf8bb687ce661491e87d9040bccfdd184 <http://www.w3.org/1999/02/22-rdf-syntax-ns#type> <https://w3id.org/own-pt/wn30/schema/Word> .
_:N0799f4cedab0481ea209915e98ad5cfe <http://www.w3.org/1999/02/22-rdf-syntax-ns#type> <https://w3id.org/own-pt/wn30/schema/Word> .
_:N36dd3ffd901e461ead5707fa775fa42b <https://w3id.org/own-pt/wn30/schema/word> <https://w3id.org/own-pt/wn30-pt/instances/word-lastimar> .
_:N40efb68221284e938d95ff56e799d0d0 <https://w3id.org/own-pt/wn30/schema/word> <https://w3id.org/own-pt/wn30-pt/instances/word-antecipar> .
